[debug] [2024-08-06T16:28:25.384Z] ----------------------------------------------------------------------
[debug] [2024-08-06T16:28:25.386Z] Command:       C:\Program Files\nodejs\node.exe C:\Program Files\nodejs\node_modules\firebase-tools\lib\bin\firebase.js deploy --only hosting
[debug] [2024-08-06T16:28:25.387Z] CLI Version:   13.0.3
[debug] [2024-08-06T16:28:25.387Z] Platform:      win32
[debug] [2024-08-06T16:28:25.388Z] Node Version:  v18.15.0
[debug] [2024-08-06T16:28:25.394Z] Time:          Tue Aug 06 2024 18:28:25 GMT+0200 (Eastern European Standard Time)
[debug] [2024-08-06T16:28:25.394Z] ----------------------------------------------------------------------
[debug] 
[debug] [2024-08-06T16:28:25.398Z] >>> [apiv2][query] GET https://firebase-public.firebaseio.com/cli.json [none]
[debug] [2024-08-06T16:28:25.509Z] > command requires scopes: ["email","openid","https://www.googleapis.com/auth/cloudplatformprojects.readonly","https://www.googleapis.com/auth/firebase","https://www.googleapis.com/auth/cloud-platform"]
[debug] [2024-08-06T16:28:25.509Z] > authorizing via signed-in user (ayuta1255@gmail.com)
[debug] [2024-08-06T16:28:25.509Z] [iam] checking project ayuta-5371d for permissions ["firebase.projects.get","firebasehosting.sites.update"]
[debug] [2024-08-06T16:28:25.510Z] > refreshing access token with scopes: []
[debug] [2024-08-06T16:28:25.511Z] >>> [apiv2][query] POST https://www.googleapis.com/oauth2/v3/token [none]
[debug] [2024-08-06T16:28:25.511Z] >>> [apiv2][body] POST https://www.googleapis.com/oauth2/v3/token [omitted]
[debug] [2024-08-06T16:28:25.642Z] *** [apiv2] error from fetch(https://www.googleapis.com/oauth2/v3/token, {"headers":{},"method":"POST","body":{"_overheadLength":545,"_valueLength":212,"_valuesToMeasure":[],"writable":false,"readable":true,"dataSize":0,"maxDataSize":2097152,"pauseStreams":true,"_released":true,"_streams":[],"_currentStream":null,"_insideLoop":false,"_pendingNext":false,"_boundary":"--------------------------607852691965481485644163","_events":{},"_eventsCount":1}}): FetchError: request to https://www.googleapis.com/oauth2/v3/token failed, reason: self-signed certificate in certificate chain
[debug] [2024-08-06T16:28:25.643Z] [iam] error while checking permissions, command may fail: FirebaseError: Authentication Error: Your credentials are no longer valid. Please run firebase login --reauth

For CI servers and headless environments, generate a new token with firebase login:ci
[debug] [2024-08-06T16:28:25.643Z] > refreshing access token with scopes: []
[debug] [2024-08-06T16:28:25.644Z] >>> [apiv2][query] POST https://www.googleapis.com/oauth2/v3/token [none]
[debug] [2024-08-06T16:28:25.644Z] >>> [apiv2][body] POST https://www.googleapis.com/oauth2/v3/token [omitted]
[debug] [2024-08-06T16:28:25.737Z] *** [apiv2] error from fetch(https://www.googleapis.com/oauth2/v3/token, {"headers":{},"method":"POST","body":{"_overheadLength":545,"_valueLength":212,"_valuesToMeasure":[],"writable":false,"readable":true,"dataSize":0,"maxDataSize":2097152,"pauseStreams":true,"_released":true,"_streams":[],"_currentStream":null,"_insideLoop":false,"_pendingNext":false,"_boundary":"--------------------------788133815881339218895066","_events":{},"_eventsCount":1}}): FetchError: request to https://www.googleapis.com/oauth2/v3/token failed, reason: self-signed certificate in certificate chain
[debug] [2024-08-06T16:28:25.737Z] Authentication Error: Your credentials are no longer valid. Please run firebase login --reauth

For CI servers and headless environments, generate a new token with firebase login:ci
[debug] [2024-08-06T16:28:25.771Z] *** [apiv2] error from fetch(https://firebase-public.firebaseio.com/cli.json, {"headers":{},"method":"GET"}): FetchError: request to https://firebase-public.firebaseio.com/cli.json failed, reason: self-signed certificate in certificate chain
[warn] !  Unable to fetch the CLI MOTD and remote config. This is not a fatal error, but may indicate an issue with your network connection. 
[debug] [2024-08-06T16:28:25.772Z] Failed to fetch MOTD FirebaseError: Failed to make request to https://firebase-public.firebaseio.com/cli.json
[error] 
[error] Error: Assertion failed: resolving hosting target of a site with no site name or target name. This should have caused an error earlier
